# JRE version: Java(TM) SE Runtime Environment (21.0.3+7) (build 21.0.3+7-LTS-152)
# Java VM: Java HotSpot(TM) 64-Bit Server VM (21.0.3+7-LTS-152, mixed mode, sharing, tiered, compressed oops, compressed class ptrs, g1 gc, windows-amd64)
GC Precious Log:
 CardTable entry size: 512
 Card Set container configuration: InlinePtr #cards 5 size 8 Array Of Cards #cards 12 size 40 Howl #buckets 4 coarsen threshold 1843 Howl Bitmap #cards 512 size 80 coarsen threshold 460 Card regions per heap region 1 cards per card region 2048
 CPUs: 8 total, 8 available
 Memory: 16107M
 Large Page Support: Disabled
 NUMA Support: Disabled
 Compressed Oops: Enabled (32-bit)
 Heap Region Size: 1M
 Heap Min Capacity: 8M
 Heap Initial Capacity: 252M
 Heap Max Capacity: 1G
 Pre-touch: Disabled
 Parallel Workers: 8
 Concurrent Workers: 2
 Concurrent Refinement Workers: 8
 Periodic GC: Disabled
Heap:
 garbage-first heap   total 276480K, used 213063K [0x00000000c0000000, 0x0000000100000000)
  region size 1024K, 34 young (34816K), 7 survivors (7168K)
 Metaspace       used 3686K, committed 3968K, reserved 1114112K
  class space    used 331K, committed 512K, reserved 1048576K
GC Heap History (20 events):
Event: 2.827 GC heap before
{Heap before GC invocations=10 (full 3):
 garbage-first heap   total 30720K, used 23086K [0x00000000c0000000, 0x0000000100000000)
  region size 1024K, 4 young (4096K), 1 survivors (1024K)
 Metaspace       used 3650K, committed 3968K, reserved 1114112K
  class space    used 329K, committed 512K, reserved 1048576K
}
Event: 2.832 GC heap after
{Heap after GC invocations=11 (full 3):
 garbage-first heap   total 144384K, used 21636K [0x00000000c0000000, 0x0000000100000000)
  region size 1024K, 1 young (1024K), 1 survivors (1024K)
 Metaspace       used 3650K, committed 3968K, reserved 1114112K
  class space    used 329K, committed 512K, reserved 1048576K
}
Event: 2.951 GC heap before
{Heap before GC invocations=12 (full 3):
 garbage-first heap   total 96256K, used 29828K [0x00000000c0000000, 0x0000000100000000)
  region size 1024K, 10 young (10240K), 1 survivors (1024K)
 Metaspace       used 3650K, committed 3968K, reserved 1114112K
  class space    used 329K, committed 512K, reserved 1048576K
}
Event: 3.005 GC heap after
{Heap after GC invocations=13 (full 4):
 garbage-first heap   total 86016K, used 24107K [0x00000000c0000000, 0x0000000100000000)
  region size 1024K, 0 young (0K), 0 survivors (0K)
 Metaspace       used 3650K, committed 3968K, reserved 1114112K
  class space    used 329K, committed 512K, reserved 1048576K
}
Event: 3.245 GC heap before
{Heap before GC invocations=13 (full 4):
 garbage-first heap   total 86016K, used 52779K [0x00000000c0000000, 0x0000000100000000)
  region size 1024K, 26 young (26624K), 0 survivors (0K)
 Metaspace       used 3657K, committed 3968K, reserved 1114112K
  class space    used 329K, committed 512K, reserved 1048576K
}
Event: 3.279 GC heap after
{Heap after GC invocations=14 (full 4):
 garbage-first heap   total 86016K, used 42539K [0x00000000c0000000, 0x0000000100000000)
  region size 1024K, 4 young (4096K), 4 survivors (4096K)
 Metaspace       used 3657K, committed 3968K, reserved 1114112K
  class space    used 329K, committed 512K, reserved 1048576K
}
Event: 3.400 GC heap before
{Heap before GC invocations=14 (full 4):
 garbage-first heap   total 86016K, used 56875K [0x00000000c0000000, 0x0000000100000000)
  region size 1024K, 19 young (19456K), 4 survivors (4096K)
 Metaspace       used 3657K, committed 3968K, reserved 1114112K
  class space    used 329K, committed 512K, reserved 1048576K
}
Event: 3.430 GC heap after
{Heap after GC invocations=15 (full 4):
 garbage-first heap   total 86016K, used 52267K [0x00000000c0000000, 0x0000000100000000)
  region size 1024K, 3 young (3072K), 3 survivors (3072K)
 Metaspace       used 3657K, committed 3968K, reserved 1114112K
  class space    used 329K, committed 512K, reserved 1048576K
}
Event: 3.454 GC heap before
{Heap before GC invocations=15 (full 4):
 garbage-first heap   total 86016K, used 59435K [0x00000000c0000000, 0x0000000100000000)
  region size 1024K, 7 young (7168K), 3 survivors (3072K)
 Metaspace       used 3657K, committed 3968K, reserved 1114112K
  class space    used 329K, committed 512K, reserved 1048576K
}
Event: 3.550 GC heap after
{Heap after GC invocations=16 (full 5):
 garbage-first heap   total 92160K, used 54038K [0x00000000c0000000, 0x0000000100000000)
  region size 1024K, 0 young (0K), 0 survivors (0K)
 Metaspace       used 3657K, committed 3968K, reserved 1114112K
  class space    used 329K, committed 512K, reserved 1048576K
}
Event: 3.624 GC heap before
{Heap before GC invocations=16 (full 5):
 garbage-first heap   total 92160K, used 68374K [0x00000000c0000000, 0x0000000100000000)
  region size 1024K, 14 young (14336K), 0 survivors (0K)
 Metaspace       used 3657K, committed 3968K, reserved 1114112K
  class space    used 329K, committed 512K, reserved 1048576K
}
Event: 3.639 GC heap after
{Heap after GC invocations=17 (full 5):
 garbage-first heap   total 92160K, used 63254K [0x00000000c0000000, 0x0000000100000000)
  region size 1024K, 2 young (2048K), 2 survivors (2048K)
 Metaspace       used 3657K, committed 3968K, reserved 1114112K
  class space    used 329K, committed 512K, reserved 1048576K
}
Event: 3.693 GC heap before
{Heap before GC invocations=17 (full 5):
 garbage-first heap   total 92160K, used 74518K [0x00000000c0000000, 0x0000000100000000)
  region size 1024K, 13 young (13312K), 2 survivors (2048K)
 Metaspace       used 3657K, committed 3968K, reserved 1114112K
  class space    used 329K, committed 512K, reserved 1048576K
}
Event: 3.710 GC heap after
{Heap after GC invocations=18 (full 5):
 garbage-first heap   total 276480K, used 70934K [0x00000000c0000000, 0x0000000100000000)
  region size 1024K, 2 young (2048K), 2 survivors (2048K)
 Metaspace       used 3657K, committed 3968K, reserved 1114112K
  class space    used 329K, committed 512K, reserved 1048576K
}
Event: 4.298 GC heap before
{Heap before GC invocations=19 (full 5):
 garbage-first heap   total 276480K, used 158998K [0x00000000c0000000, 0x0000000100000000)
  region size 1024K, 81 young (82944K), 2 survivors (2048K)
 Metaspace       used 3657K, committed 3968K, reserved 1114112K
  class space    used 329K, committed 512K, reserved 1048576K
}
Event: 4.344 GC heap after
{Heap after GC invocations=20 (full 5):
 garbage-first heap   total 276480K, used 128790K [0x00000000c0000000, 0x0000000100000000)
  region size 1024K, 11 young (11264K), 11 survivors (11264K)
 Metaspace       used 3657K, committed 3968K, reserved 1114112K
  class space    used 329K, committed 512K, reserved 1048576K
}
Event: 4.509 GC heap before
{Heap before GC invocations=20 (full 5):
 garbage-first heap   total 276480K, used 179990K [0x00000000c0000000, 0x0000000100000000)
  region size 1024K, 61 young (62464K), 11 survivors (11264K)
 Metaspace       used 3657K, committed 3968K, reserved 1114112K
  class space    used 329K, committed 512K, reserved 1048576K
}
Event: 4.555 GC heap after
{Heap after GC invocations=21 (full 5):
 garbage-first heap   total 276480K, used 160327K [0x00000000c0000000, 0x0000000100000000)
  region size 1024K, 8 young (8192K), 8 survivors (8192K)
 Metaspace       used 3657K, committed 3968K, reserved 1114112K
  class space    used 329K, committed 512K, reserved 1048576K
}
Event: 4.656 GC heap before
{Heap before GC invocations=21 (full 5):
 garbage-first heap   total 276480K, used 182855K [0x00000000c0000000, 0x0000000100000000)
  region size 1024K, 31 young (31744K), 8 survivors (8192K)
 Metaspace       used 3657K, committed 3968K, reserved 1114112K
  class space    used 329K, committed 512K, reserved 1048576K
}
Event: 4.674 GC heap after
{Heap after GC invocations=22 (full 5):
 garbage-first heap   total 276480K, used 176199K [0x00000000c0000000, 0x0000000100000000)
  region size 1024K, 7 young (7168K), 7 survivors (7168K)
 Metaspace       used 3657K, committed 3968K, reserved 1114112K
  class space    used 329K, committed 512K, reserved 1048576K
}

