# JRE version: Java(TM) SE Runtime Environment (21.0.3+7) (build 21.0.3+7-LTS-152)
# Java VM: Java HotSpot(TM) 64-Bit Server VM (21.0.3+7-LTS-152, mixed mode, sharing, tiered, compressed oops, compressed class ptrs, g1 gc, windows-amd64)
GC Precious Log:
 CardTable entry size: 512
 Card Set container configuration: InlinePtr #cards 5 size 8 Array Of Cards #cards 12 size 40 Howl #buckets 4 coarsen threshold 1843 Howl Bitmap #cards 512 size 80 coarsen threshold 460 Card regions per heap region 1 cards per card region 2048
 CPUs: 8 total, 8 available
 Memory: 16107M
 Large Page Support: Disabled
 NUMA Support: Disabled
 Compressed Oops: Enabled (32-bit)
 Heap Region Size: 1M
 Heap Min Capacity: 8M
 Heap Initial Capacity: 252M
 Heap Max Capacity: 1G
 Pre-touch: Disabled
 Parallel Workers: 8
 Concurrent Workers: 2
 Concurrent Refinement Workers: 8
 Periodic GC: Disabled
Heap:
 garbage-first heap   total 580608K, used 182160K [0x00000000c0000000, 0x0000000100000000)
  region size 1024K, 2 young (2048K), 1 survivors (1024K)
 Metaspace       used 3669K, committed 3968K, reserved 1114112K
  class space    used 332K, committed 512K, reserved 1048576K
GC Heap History (20 events):
Event: 3.301 GC heap after
{Heap after GC invocations=31 (full 19):
 garbage-first heap   total 252928K, used 149912K [0x00000000c0000000, 0x0000000100000000)
  region size 1024K, 0 young (0K), 0 survivors (0K)
 Metaspace       used 3630K, committed 3904K, reserved 1114112K
  class space    used 329K, committed 512K, reserved 1048576K
}
Event: 3.357 GC heap before
{Heap before GC invocations=31 (full 19):
 garbage-first heap   total 252928K, used 163224K [0x00000000c0000000, 0x0000000100000000)
  region size 1024K, 14 young (14336K), 0 survivors (0K)
 Metaspace       used 3630K, committed 3904K, reserved 1114112K
  class space    used 329K, committed 512K, reserved 1048576K
}
Event: 3.479 GC heap after
{Heap after GC invocations=32 (full 20):
 garbage-first heap   total 268288K, used 158223K [0x00000000c0000000, 0x0000000100000000)
  region size 1024K, 0 young (0K), 0 survivors (0K)
 Metaspace       used 3630K, committed 3904K, reserved 1114112K
  class space    used 329K, committed 512K, reserved 1048576K
}
Event: 3.510 GC heap before
{Heap before GC invocations=32 (full 20):
 garbage-first heap   total 268288K, used 170511K [0x00000000c0000000, 0x0000000100000000)
  region size 1024K, 13 young (13312K), 0 survivors (0K)
 Metaspace       used 3630K, committed 3904K, reserved 1114112K
  class space    used 329K, committed 512K, reserved 1048576K
}
Event: 3.518 GC heap after
{Heap after GC invocations=33 (full 20):
 garbage-first heap   total 580608K, used 166411K [0x00000000c0000000, 0x0000000100000000)
  region size 1024K, 5 young (5120K), 5 survivors (5120K)
 Metaspace       used 3630K, committed 3904K, reserved 1114112K
  class space    used 329K, committed 512K, reserved 1048576K
}
Event: 3.520 GC heap before
{Heap before GC invocations=33 (full 20):
 garbage-first heap   total 580608K, used 180747K [0x00000000c0000000, 0x0000000100000000)
  region size 1024K, 5 young (5120K), 5 survivors (5120K)
 Metaspace       used 3630K, committed 3904K, reserved 1114112K
  class space    used 329K, committed 512K, reserved 1048576K
}
Event: 3.610 GC heap after
{Heap after GC invocations=34 (full 21):
 garbage-first heap   total 580608K, used 180419K [0x00000000c0000000, 0x0000000100000000)
  region size 1024K, 0 young (0K), 0 survivors (0K)
 Metaspace       used 3630K, committed 3904K, reserved 1114112K
  class space    used 329K, committed 512K, reserved 1048576K
}
Event: 3.677 GC heap before
{Heap before GC invocations=34 (full 21):
 garbage-first heap   total 580608K, used 192707K [0x00000000c0000000, 0x0000000100000000)
  region size 1024K, 13 young (13312K), 0 survivors (0K)
 Metaspace       used 3630K, committed 3904K, reserved 1114112K
  class space    used 329K, committed 512K, reserved 1048576K
}
Event: 3.785 GC heap after
{Heap after GC invocations=35 (full 22):
 garbage-first heap   total 580608K, used 181505K [0x00000000c0000000, 0x0000000100000000)
  region size 1024K, 0 young (0K), 0 survivors (0K)
 Metaspace       used 3630K, committed 3904K, reserved 1114112K
  class space    used 329K, committed 512K, reserved 1048576K
}
Event: 3.832 GC heap before
{Heap before GC invocations=35 (full 22):
 garbage-first heap   total 580608K, used 193793K [0x00000000c0000000, 0x0000000100000000)
  region size 1024K, 13 young (13312K), 0 survivors (0K)
 Metaspace       used 3631K, committed 3904K, reserved 1114112K
  class space    used 329K, committed 512K, reserved 1048576K
}
Event: 3.925 GC heap after
{Heap after GC invocations=36 (full 23):
 garbage-first heap   total 580608K, used 188667K [0x00000000c0000000, 0x0000000100000000)
  region size 1024K, 0 young (0K), 0 survivors (0K)
 Metaspace       used 3631K, committed 3904K, reserved 1114112K
  class space    used 329K, committed 512K, reserved 1048576K
}
Event: 3.984 GC heap before
{Heap before GC invocations=36 (full 23):
 garbage-first heap   total 580608K, used 194811K [0x00000000c0000000, 0x0000000100000000)
  region size 1024K, 7 young (7168K), 0 survivors (0K)
 Metaspace       used 3664K, committed 3968K, reserved 1114112K
  class space    used 332K, committed 512K, reserved 1048576K
}
Event: 4.084 GC heap after
{Heap after GC invocations=37 (full 24):
 garbage-first heap   total 580608K, used 176403K [0x00000000c0000000, 0x0000000100000000)
  region size 1024K, 0 young (0K), 0 survivors (0K)
 Metaspace       used 3664K, committed 3968K, reserved 1114112K
  class space    used 332K, committed 512K, reserved 1048576K
}
Event: 4.643 GC heap before
{Heap before GC invocations=37 (full 24):
 garbage-first heap   total 580608K, used 204051K [0x00000000c0000000, 0x0000000100000000)
  region size 1024K, 28 young (28672K), 0 survivors (0K)
 Metaspace       used 3669K, committed 3968K, reserved 1114112K
  class space    used 332K, committed 512K, reserved 1048576K
}
Event: 4.674 GC heap after
{Heap after GC invocations=38 (full 24):
 garbage-first heap   total 580608K, used 183334K [0x00000000c0000000, 0x0000000100000000)
  region size 1024K, 4 young (4096K), 4 survivors (4096K)
 Metaspace       used 3669K, committed 3968K, reserved 1114112K
  class space    used 332K, committed 512K, reserved 1048576K
}
Event: 4.725 GC heap before
{Heap before GC invocations=38 (full 24):
 garbage-first heap   total 580608K, used 186406K [0x00000000c0000000, 0x0000000100000000)
  region size 1024K, 8 young (8192K), 4 survivors (4096K)
 Metaspace       used 3669K, committed 3968K, reserved 1114112K
  class space    used 332K, committed 512K, reserved 1048576K
}
Event: 4.910 GC heap after
{Heap after GC invocations=39 (full 25):
 garbage-first heap   total 580608K, used 181513K [0x00000000c0000000, 0x0000000100000000)
  region size 1024K, 0 young (0K), 0 survivors (0K)
 Metaspace       used 3669K, committed 3968K, reserved 1114112K
  class space    used 332K, committed 512K, reserved 1048576K
}
Event: 5.444 GC heap before
{Heap before GC invocations=39 (full 25):
 garbage-first heap   total 580608K, used 210185K [0x00000000c0000000, 0x0000000100000000)
  region size 1024K, 28 young (28672K), 0 survivors (0K)
 Metaspace       used 3669K, committed 3968K, reserved 1114112K
  class space    used 332K, committed 512K, reserved 1048576K
}
Event: 5.452 GC heap after
{Heap after GC invocations=40 (full 25):
 garbage-first heap   total 580608K, used 182160K [0x00000000c0000000, 0x0000000100000000)
  region size 1024K, 1 young (1024K), 1 survivors (1024K)
 Metaspace       used 3669K, committed 3968K, reserved 1114112K
  class space    used 332K, committed 512K, reserved 1048576K
}
Event: 10.295 GC heap before
{Heap before GC invocations=40 (full 25):
 garbage-first heap   total 580608K, used 182160K [0x00000000c0000000, 0x0000000100000000)
  region size 1024K, 2 young (2048K), 1 survivors (1024K)
 Metaspace       used 3669K, committed 3968K, reserved 1114112K
  class space    used 332K, committed 512K, reserved 1048576K
}

