# JRE version: Java(TM) SE Runtime Environment (21.0.3+7) (build 21.0.3+7-LTS-152)
# Java VM: Java HotSpot(TM) 64-Bit Server VM (21.0.3+7-LTS-152, mixed mode, sharing, tiered, compressed oops, compressed class ptrs, g1 gc, windows-amd64)
GC Precious Log:
 CardTable entry size: 512
 Card Set container configuration: InlinePtr #cards 5 size 8 Array Of Cards #cards 12 size 40 Howl #buckets 4 coarsen threshold 1843 Howl Bitmap #cards 512 size 80 coarsen threshold 460 Card regions per heap region 1 cards per card region 2048
 CPUs: 8 total, 8 available
 Memory: 16107M
 Large Page Support: Disabled
 NUMA Support: Disabled
 Compressed Oops: Enabled (32-bit)
 Heap Region Size: 1M
 Heap Min Capacity: 8M
 Heap Initial Capacity: 252M
 Heap Max Capacity: 1G
 Pre-touch: Disabled
 Parallel Workers: 8
 Concurrent Workers: 2
 Concurrent Refinement Workers: 8
 Periodic GC: Disabled
Heap:
 garbage-first heap   total 137216K, used 90885K [0x00000000c0000000, 0x0000000100000000)
  region size 1024K, 11 young (11264K), 0 survivors (0K)
 Metaspace       used 3637K, committed 3840K, reserved 1114112K
  class space    used 328K, committed 448K, reserved 1048576K
GC Heap History (20 events):
Event: 2.277 GC heap after
{Heap after GC invocations=11 (full 2):
 garbage-first heap   total 144384K, used 20623K [0x00000000c0000000, 0x0000000100000000)
  region size 1024K, 1 young (1024K), 1 survivors (1024K)
 Metaspace       used 3630K, committed 3840K, reserved 1114112K
  class space    used 328K, committed 448K, reserved 1048576K
}
Event: 2.704 GC heap before
{Heap before GC invocations=12 (full 2):
 garbage-first heap   total 78848K, used 29839K [0x00000000c0000000, 0x0000000100000000)
  region size 1024K, 12 young (12288K), 1 survivors (1024K)
 Metaspace       used 3637K, committed 3840K, reserved 1114112K
  class space    used 328K, committed 448K, reserved 1048576K
}
Event: 2.769 GC heap after
{Heap after GC invocations=13 (full 3):
 garbage-first heap   total 78848K, used 26026K [0x00000000c0000000, 0x0000000100000000)
  region size 1024K, 0 young (0K), 0 survivors (0K)
 Metaspace       used 3637K, committed 3840K, reserved 1114112K
  class space    used 328K, committed 448K, reserved 1048576K
}
Event: 2.842 GC heap before
{Heap before GC invocations=13 (full 3):
 garbage-first heap   total 78848K, used 41386K [0x00000000c0000000, 0x0000000100000000)
  region size 1024K, 14 young (14336K), 0 survivors (0K)
 Metaspace       used 3637K, committed 3840K, reserved 1114112K
  class space    used 328K, committed 448K, reserved 1048576K
}
Event: 2.932 GC heap after
{Heap after GC invocations=14 (full 4):
 garbage-first heap   total 78848K, used 35624K [0x00000000c0000000, 0x0000000100000000)
  region size 1024K, 0 young (0K), 0 survivors (0K)
 Metaspace       used 3637K, committed 3840K, reserved 1114112K
  class space    used 328K, committed 448K, reserved 1048576K
}
Event: 3.034 GC heap before
{Heap before GC invocations=14 (full 4):
 garbage-first heap   total 78848K, used 46888K [0x00000000c0000000, 0x0000000100000000)
  region size 1024K, 12 young (12288K), 0 survivors (0K)
 Metaspace       used 3637K, committed 3840K, reserved 1114112K
  class space    used 328K, committed 448K, reserved 1048576K
}
Event: 3.123 GC heap after
{Heap after GC invocations=15 (full 5):
 garbage-first heap   total 78848K, used 42003K [0x00000000c0000000, 0x0000000100000000)
  region size 1024K, 0 young (0K), 0 survivors (0K)
 Metaspace       used 3637K, committed 3840K, reserved 1114112K
  class space    used 328K, committed 448K, reserved 1048576K
}
Event: 3.229 GC heap before
{Heap before GC invocations=15 (full 5):
 garbage-first heap   total 78848K, used 52243K [0x00000000c0000000, 0x0000000100000000)
  region size 1024K, 11 young (11264K), 0 survivors (0K)
 Metaspace       used 3637K, committed 3840K, reserved 1114112K
  class space    used 328K, committed 448K, reserved 1048576K
}
Event: 3.354 GC heap after
{Heap after GC invocations=16 (full 6):
 garbage-first heap   total 83968K, used 48379K [0x00000000c0000000, 0x0000000100000000)
  region size 1024K, 0 young (0K), 0 survivors (0K)
 Metaspace       used 3637K, committed 3840K, reserved 1114112K
  class space    used 328K, committed 448K, reserved 1048576K
}
Event: 3.377 GC heap before
{Heap before GC invocations=16 (full 6):
 garbage-first heap   total 83968K, used 50427K [0x00000000c0000000, 0x0000000100000000)
  region size 1024K, 3 young (3072K), 0 survivors (0K)
 Metaspace       used 3637K, committed 3840K, reserved 1114112K
  class space    used 328K, committed 448K, reserved 1048576K
}
Event: 3.380 GC heap after
{Heap after GC invocations=17 (full 6):
 garbage-first heap   total 83968K, used 50240K [0x00000000c0000000, 0x0000000100000000)
  region size 1024K, 2 young (2048K), 2 survivors (2048K)
 Metaspace       used 3637K, committed 3840K, reserved 1114112K
  class space    used 328K, committed 448K, reserved 1048576K
}
Event: 3.484 GC heap before
{Heap before GC invocations=17 (full 6):
 garbage-first heap   total 102400K, used 61504K [0x00000000c0000000, 0x0000000100000000)
  region size 1024K, 10 young (10240K), 2 survivors (2048K)
 Metaspace       used 3637K, committed 3840K, reserved 1114112K
  class space    used 328K, committed 448K, reserved 1048576K
}
Event: 3.614 GC heap after
{Heap after GC invocations=18 (full 7):
 garbage-first heap   total 102400K, used 56579K [0x00000000c0000000, 0x0000000100000000)
  region size 1024K, 0 young (0K), 0 survivors (0K)
 Metaspace       used 3637K, committed 3840K, reserved 1114112K
  class space    used 328K, committed 448K, reserved 1048576K
}
Event: 3.677 GC heap before
{Heap before GC invocations=18 (full 7):
 garbage-first heap   total 102400K, used 71939K [0x00000000c0000000, 0x0000000100000000)
  region size 1024K, 16 young (16384K), 0 survivors (0K)
 Metaspace       used 3637K, committed 3840K, reserved 1114112K
  class space    used 328K, committed 448K, reserved 1048576K
}
Event: 3.792 GC heap after
{Heap after GC invocations=19 (full 8):
 garbage-first heap   total 112640K, used 66042K [0x00000000c0000000, 0x0000000100000000)
  region size 1024K, 0 young (0K), 0 survivors (0K)
 Metaspace       used 3637K, committed 3840K, reserved 1114112K
  class space    used 328K, committed 448K, reserved 1048576K
}
Event: 3.850 GC heap before
{Heap before GC invocations=19 (full 8):
 garbage-first heap   total 112640K, used 76282K [0x00000000c0000000, 0x0000000100000000)
  region size 1024K, 11 young (11264K), 0 survivors (0K)
 Metaspace       used 3637K, committed 3840K, reserved 1114112K
  class space    used 328K, committed 448K, reserved 1048576K
}
Event: 4.006 GC heap after
{Heap after GC invocations=20 (full 9):
 garbage-first heap   total 122880K, used 72556K [0x00000000c0000000, 0x0000000100000000)
  region size 1024K, 0 young (0K), 0 survivors (0K)
 Metaspace       used 3637K, committed 3840K, reserved 1114112K
  class space    used 328K, committed 448K, reserved 1048576K
}
Event: 4.082 GC heap before
{Heap before GC invocations=20 (full 9):
 garbage-first heap   total 122880K, used 85868K [0x00000000c0000000, 0x0000000100000000)
  region size 1024K, 14 young (14336K), 0 survivors (0K)
 Metaspace       used 3637K, committed 3840K, reserved 1114112K
  class space    used 328K, committed 448K, reserved 1048576K
}
Event: 4.242 GC heap after
{Heap after GC invocations=21 (full 10):
 garbage-first heap   total 137216K, used 80645K [0x00000000c0000000, 0x0000000100000000)
  region size 1024K, 0 young (0K), 0 survivors (0K)
 Metaspace       used 3637K, committed 3840K, reserved 1114112K
  class space    used 328K, committed 448K, reserved 1048576K
}
Event: 4.323 GC heap before
{Heap before GC invocations=21 (full 10):
 garbage-first heap   total 137216K, used 90885K [0x00000000c0000000, 0x0000000100000000)
  region size 1024K, 11 young (11264K), 0 survivors (0K)
 Metaspace       used 3637K, committed 3840K, reserved 1114112K
  class space    used 328K, committed 448K, reserved 1048576K
}

