# JRE version: Java(TM) SE Runtime Environment (21.0.3+7) (build 21.0.3+7-LTS-152)
# Java VM: Java HotSpot(TM) 64-Bit Server VM (21.0.3+7-LTS-152, mixed mode, sharing, tiered, compressed oops, compressed class ptrs, g1 gc, windows-amd64)
GC Precious Log:
 CardTable entry size: 512
 Card Set container configuration: InlinePtr #cards 5 size 8 Array Of Cards #cards 12 size 40 Howl #buckets 4 coarsen threshold 1843 Howl Bitmap #cards 512 size 80 coarsen threshold 460 Card regions per heap region 1 cards per card region 2048
 CPUs: 8 total, 8 available
 Memory: 16107M
 Large Page Support: Disabled
 NUMA Support: Disabled
 Compressed Oops: Enabled (32-bit)
 Heap Region Size: 1M
 Heap Min Capacity: 8M
 Heap Initial Capacity: 252M
 Heap Max Capacity: 1G
 Pre-touch: Disabled
 Parallel Workers: 8
 Concurrent Workers: 2
 Concurrent Refinement Workers: 8
 Periodic GC: Disabled
Heap:
 garbage-first heap   total 352256K, used 188572K [0x00000000c0000000, 0x0000000100000000)
  region size 1024K, 3 young (3072K), 3 survivors (3072K)
 Metaspace       used 3682K, committed 3968K, reserved 1114112K
  class space    used 332K, committed 512K, reserved 1048576K
GC Heap History (20 events):
Event: 3.626 GC heap after
{Heap after GC invocations=24 (full 9):
 garbage-first heap   total 368640K, used 82008K [0x00000000c0000000, 0x0000000100000000)
  region size 1024K, 3 young (3072K), 3 survivors (3072K)
 Metaspace       used 3646K, committed 3968K, reserved 1114112K
  class space    used 329K, committed 512K, reserved 1048576K
}
Event: 3.700 GC heap before
{Heap before GC invocations=24 (full 9):
 garbage-first heap   total 368640K, used 88152K [0x00000000c0000000, 0x0000000100000000)
  region size 1024K, 10 young (10240K), 3 survivors (3072K)
 Metaspace       used 3646K, committed 3968K, reserved 1114112K
  class space    used 329K, committed 512K, reserved 1048576K
}
Event: 3.795 GC heap after
{Heap after GC invocations=25 (full 10):
 garbage-first heap   total 296960K, used 85813K [0x00000000c0000000, 0x0000000100000000)
  region size 1024K, 0 young (0K), 0 survivors (0K)
 Metaspace       used 3646K, committed 3968K, reserved 1114112K
  class space    used 329K, committed 512K, reserved 1048576K
}
Event: 3.910 GC heap before
{Heap before GC invocations=25 (full 10):
 garbage-first heap   total 296960K, used 100149K [0x00000000c0000000, 0x0000000100000000)
  region size 1024K, 8 young (8192K), 0 survivors (0K)
 Metaspace       used 3646K, committed 3968K, reserved 1114112K
  class space    used 329K, committed 512K, reserved 1048576K
}
Event: 3.918 GC heap after
{Heap after GC invocations=26 (full 10):
 garbage-first heap   total 296960K, used 98101K [0x00000000c0000000, 0x0000000100000000)
  region size 1024K, 5 young (5120K), 5 survivors (5120K)
 Metaspace       used 3646K, committed 3968K, reserved 1114112K
  class space    used 329K, committed 512K, reserved 1048576K
}
Event: 3.919 GC heap before
{Heap before GC invocations=26 (full 10):
 garbage-first heap   total 296960K, used 98101K [0x00000000c0000000, 0x0000000100000000)
  region size 1024K, 5 young (5120K), 5 survivors (5120K)
 Metaspace       used 3646K, committed 3968K, reserved 1114112K
  class space    used 329K, committed 512K, reserved 1048576K
}
Event: 3.996 GC heap after
{Heap after GC invocations=27 (full 11):
 garbage-first heap   total 296960K, used 93369K [0x00000000c0000000, 0x0000000100000000)
  region size 1024K, 0 young (0K), 0 survivors (0K)
 Metaspace       used 3646K, committed 3968K, reserved 1114112K
  class space    used 329K, committed 512K, reserved 1048576K
}
Event: 4.114 GC heap before
{Heap before GC invocations=27 (full 11):
 garbage-first heap   total 296960K, used 109753K [0x00000000c0000000, 0x0000000100000000)
  region size 1024K, 17 young (17408K), 0 survivors (0K)
 Metaspace       used 3646K, committed 3968K, reserved 1114112K
  class space    used 329K, committed 512K, reserved 1048576K
}
Event: 4.198 GC heap after
{Heap after GC invocations=28 (full 12):
 garbage-first heap   total 296960K, used 104002K [0x00000000c0000000, 0x0000000100000000)
  region size 1024K, 0 young (0K), 0 survivors (0K)
 Metaspace       used 3646K, committed 3968K, reserved 1114112K
  class space    used 329K, committed 512K, reserved 1048576K
}
Event: 4.888 GC heap before
{Heap before GC invocations=28 (full 12):
 garbage-first heap   total 296960K, used 165442K [0x00000000c0000000, 0x0000000100000000)
  region size 1024K, 60 young (61440K), 0 survivors (0K)
 Metaspace       used 3646K, committed 3968K, reserved 1114112K
  class space    used 329K, committed 512K, reserved 1048576K
}
Event: 4.913 GC heap after
{Heap after GC invocations=29 (full 12):
 garbage-first heap   total 296960K, used 142365K [0x00000000c0000000, 0x0000000100000000)
  region size 1024K, 8 young (8192K), 8 survivors (8192K)
 Metaspace       used 3646K, committed 3968K, reserved 1114112K
  class space    used 329K, committed 512K, reserved 1048576K
}
Event: 5.013 GC heap before
{Heap before GC invocations=29 (full 12):
 garbage-first heap   total 296960K, used 154653K [0x00000000c0000000, 0x0000000100000000)
  region size 1024K, 21 young (21504K), 8 survivors (8192K)
 Metaspace       used 3646K, committed 3968K, reserved 1114112K
  class space    used 329K, committed 512K, reserved 1048576K
}
Event: 5.119 GC heap after
{Heap after GC invocations=30 (full 13):
 garbage-first heap   total 296960K, used 149178K [0x00000000c0000000, 0x0000000100000000)
  region size 1024K, 0 young (0K), 0 survivors (0K)
 Metaspace       used 3646K, committed 3968K, reserved 1114112K
  class space    used 329K, committed 512K, reserved 1048576K
}
Event: 5.257 GC heap before
{Heap before GC invocations=30 (full 13):
 garbage-first heap   total 296960K, used 176826K [0x00000000c0000000, 0x0000000100000000)
  region size 1024K, 28 young (28672K), 0 survivors (0K)
 Metaspace       used 3646K, committed 3968K, reserved 1114112K
  class space    used 329K, committed 512K, reserved 1048576K
}
Event: 5.271 GC heap after
{Heap after GC invocations=31 (full 13):
 garbage-first heap   total 296960K, used 167610K [0x00000000c0000000, 0x0000000100000000)
  region size 1024K, 6 young (6144K), 6 survivors (6144K)
 Metaspace       used 3646K, committed 3968K, reserved 1114112K
  class space    used 329K, committed 512K, reserved 1048576K
}
Event: 5.802 GC heap before
{Heap before GC invocations=32 (full 13):
 garbage-first heap   total 352256K, used 223930K [0x00000000c0000000, 0x0000000100000000)
  region size 1024K, 48 young (49152K), 6 survivors (6144K)
 Metaspace       used 3682K, committed 3968K, reserved 1114112K
  class space    used 332K, committed 512K, reserved 1048576K
}
Event: 5.846 GC heap after
{Heap after GC invocations=33 (full 13):
 garbage-first heap   total 352256K, used 204474K [0x00000000c0000000, 0x0000000100000000)
  region size 1024K, 6 young (6144K), 6 survivors (6144K)
 Metaspace       used 3682K, committed 3968K, reserved 1114112K
  class space    used 332K, committed 512K, reserved 1048576K
}
Event: 5.957 GC heap before
{Heap before GC invocations=33 (full 13):
 garbage-first heap   total 352256K, used 208570K [0x00000000c0000000, 0x0000000100000000)
  region size 1024K, 11 young (11264K), 6 survivors (6144K)
 Metaspace       used 3682K, committed 3968K, reserved 1114112K
  class space    used 332K, committed 512K, reserved 1048576K
}
Event: 6.122 GC heap after
{Heap after GC invocations=34 (full 14):
 garbage-first heap   total 352256K, used 181933K [0x00000000c0000000, 0x0000000100000000)
  region size 1024K, 0 young (0K), 0 survivors (0K)
 Metaspace       used 3682K, committed 3968K, reserved 1114112K
  class space    used 332K, committed 512K, reserved 1048576K
}
Event: 6.504 GC heap before
{Heap before GC invocations=34 (full 14):
 garbage-first heap   total 352256K, used 199341K [0x00000000c0000000, 0x0000000100000000)
  region size 1024K, 17 young (17408K), 0 survivors (0K)
 Metaspace       used 3682K, committed 3968K, reserved 1114112K
  class space    used 332K, committed 512K, reserved 1048576K
}

